Drill report for E:\Github\MigitePad\v07\MigitePad.kicad_pcb
Created on 3/3/2020 10:45:12 PM

Copper Layer Stackup:
    =============================================================
    L1 :  F.Cu                      front
    L2 :  B.Cu                      back


Drill file 'MigitePad-PTH.drl' contains
    plated through holes:
    =============================================================
    T1  0.01mm  0.000"  (60 holes)
    T2  0.40mm  0.016"  (69 holes)
    T3  0.81mm  0.032"  (4 holes)
    T4  0.99mm  0.039"  (2 holes)
    T5  1.00mm  0.039"  (63 holes)
    T6  1.10mm  0.043"  (24 holes)
    T7  1.30mm  0.051"  (2 holes)
    T8  3.10mm  0.122"  (120 holes)

    Total plated holes count 344


Drill file 'MigitePad-NPTH.drl' contains
    unplated through holes:
    =============================================================
    T1  1.20mm  0.047"  (1 hole)
    T2  1.75mm  0.069"  (60 holes)
    T3  3.05mm  0.120"  (6 holes)
    T4  3.99mm  0.157"  (36 holes)
    T5  4.70mm  0.185"  (5 holes)

    Total unplated holes count 108
